<?xml version="1.0" encoding="UTF-8"?>
<testsuite xmlns:xsi="http://www.w3.org/2001/XMLSchema-instance" xsi:noNamespaceSchemaLocation="https://maven.apache.org/surefire/maven-failsafe-plugin/xsd/failsafe-test-report.xsd" name="com.airport_management.service_layer.transaction.PlaneServiceLayerIT" time="0.761" tests="7" errors="0" skipped="0" failures="0">
  <properties>
[...]
</properties>
  <testcase name="testFindByIdSL" classname="com.airport_management.service_layer.transaction.PlaneServiceLayerIT" time="0.017"/>
  <testcase name="testFindAllPlanesSL" classname="com.airport_management.service_layer.transaction.PlaneServiceLayerIT" time="0.106"/>
  <testcase name="testDeletePlaneWhenExistSL" classname="com.airport_management.service_layer.transaction.PlaneServiceLayerIT" time="0.167"/>
  <testcase name="testDeletePlaneWhenThereAreFlightsButNotAssociatesWithThePlaneToDelete" classname="com.airport_management.service_layer.transaction.PlaneServiceLayerIT" time="0.157"/>
  <testcase name="testSavePlaneSL" classname="com.airport_management.service_layer.transaction.PlaneServiceLayerIT" time="0.086"/>
  <testcase name="testDeletePlaneWhenNoExistSL" classname="com.airport_management.service_layer.transaction.PlaneServiceLayerIT" time="0.119"/>
  <testcase name="testDeletePlaneWhenThereAreAssociatesFlights" classname="com.airport_management.service_layer.transaction.PlaneServiceLayerIT" time="0.107"/>
</testsuite>