<?xml version="1.0" encoding="UTF-8" ?>
<testsuite tests="18" failures="0" name="com.airport_management.service_layer.transaction.FlightServiceLayerTest" time="0.088" errors="0" skipped="0">
  <properties>
[...]
</properties>
  <testcase classname="com.airport_management.service_layer.transaction.FlightServiceLayerTest" name="testFindAllFlights" time="0.061"/>
  <testcase classname="com.airport_management.service_layer.transaction.FlightServiceLayerTest" name="testDeleteFlightWhenNoExist" time="0.005"/>
  <testcase classname="com.airport_management.service_layer.transaction.FlightServiceLayerTest" name="testSaveFlightWhenArrivalDateIsBetweenDatesOfAnotherFlightOfTheSamePlane" time="0.001"/>
  <testcase classname="com.airport_management.service_layer.transaction.FlightServiceLayerTest" name="testSaveFlightWhenDepartureDateIsEqualToAnotherFlightOfTheSamePlane" time="0.002"/>
  <testcase classname="com.airport_management.service_layer.transaction.FlightServiceLayerTest" name="testSaveFlightWhenArrivalDateIsEqualToAnotherFlightOfTheSamePlane" time="0.001"/>
  <testcase classname="com.airport_management.service_layer.transaction.FlightServiceLayerTest" name="testSaveFlightWhenDepartureDateIsBeforeArrivalDate" time="0.001"/>
  <testcase classname="com.airport_management.service_layer.transaction.FlightServiceLayerTest" name="testSaveFlightWhenDepartureDateIsBetweenDatesOfAnotherFlightOfTheSamePlane" time="0.002"/>
  <testcase classname="com.airport_management.service_layer.transaction.FlightServiceLayerTest" name="testSaveFlightWhenDepartureDateIsEqualToArrivalDate" time="0.001"/>
  <testcase classname="com.airport_management.service_layer.transaction.FlightServiceLayerTest" name="testSaveFlightWhenOriginAndDestinaitonAreEquals" time="0.002"/>
  <testcase classname="com.airport_management.service_layer.transaction.FlightServiceLayerTest" name="testSaveFlightWhenDepartureDateIsBeforeAndArrivalDateIsAfterDatesOfAnotherFlightOfTheSamePlane" time="0.001"/>
  <testcase classname="com.airport_management.service_layer.transaction.FlightServiceLayerTest" name="testSaveFlightWhenArrivalDateIsBeforeDatesOfAnotherFlightOfTheSamePlane" time="0.001"/>
  <testcase classname="com.airport_management.service_layer.transaction.FlightServiceLayerTest" name="testSaveFlightWhenDepartureDateIsBetweenDatesOfAnotherFlight" time="0.002"/>
  <testcase classname="com.airport_management.service_layer.transaction.FlightServiceLayerTest" name="testSaveFlightWhenDepartureDateIsAfterToAnotherFlightOfTheSamePlane" time="0.001"/>
  <testcase classname="com.airport_management.service_layer.transaction.FlightServiceLayerTest" name="testFindByNum" time="0.001"/>
  <testcase classname="com.airport_management.service_layer.transaction.FlightServiceLayerTest" name="testSaveFlightWithSuccess" time="0.001"/>
  <testcase classname="com.airport_management.service_layer.transaction.FlightServiceLayerTest" name="testSaveFlightWhenDepartureDateIsBeforeAndArrivalDateIsAfterDatesOfAnotherFlight" time="0.002"/>
  <testcase classname="com.airport_management.service_layer.transaction.FlightServiceLayerTest" name="testDeleteFlightWhenExist" time="0.002"/>
  <testcase classname="com.airport_management.service_layer.transaction.FlightServiceLayerTest" name="testSaveFlightWhenDepartureOrArrivalDateIsEqualToAnotherFlight" time="0.001"/>
</testsuite>